2023-11-26 20:14:03,182 [Worker-3: Loading available Gradle versions] INFO  o.e.b.c.i.u.g.PublishedGradleVersions - Gradle version information cache is up-to-date. Trying to read.
2023-11-26 20:15:21,950 [Worker-1: Import Getting Started Content] INFO  o.e.m.c.i.l.LifecycleMappingFactory - Using org.eclipse.m2e.jdt.JarLifecycleMapping lifecycle mapping for MavenProject: com.reim.mgnt:reim-mgnt:0.0.1-SNAPSHOT @ C:\Users\deeks\Documents\Projects\dockerPractice\reimbursementMgnt\reim-mgnt\pom.xml.
2023-11-26 20:15:27,007 [Worker-1: Import Getting Started Content] INFO  o.e.m.j.i.AbstractJavaProjectConfigurator - Adding source folder /reim-mgnt/src/main/java
2023-11-26 20:15:27,009 [Worker-1: Import Getting Started Content] INFO  o.e.m.j.i.AbstractJavaProjectConfigurator - Adding resource folder /reim-mgnt/src/main/resources
2023-11-26 20:15:27,031 [Worker-1: Import Getting Started Content] INFO  o.e.m.j.i.AbstractJavaProjectConfigurator - Adding resource folder /reim-mgnt/src/main/resources
2023-11-26 20:15:27,050 [Worker-1: Import Getting Started Content] INFO  o.e.m.j.i.AbstractJavaProjectConfigurator - Adding source folder /reim-mgnt/src/test/java
2023-11-26 20:15:34,898 [Worker-1: Import Getting Started Content] INFO  o.e.m.c.i.p.ProjectConfigurationManager - Imported and configured 1 project(s) in 20 sec
2023-11-26 20:15:34,907 [Worker-1: Import Getting Started Content] INFO  o.e.m.c.i.p.ProjectConfigurationManager - Update started
2023-11-26 20:15:35,817 [Worker-1: Import Getting Started Content] INFO  o.e.m.c.i.l.LifecycleMappingFactory - Using org.eclipse.m2e.jdt.JarLifecycleMapping lifecycle mapping for MavenProject: com.reim.mgnt:reim-mgnt:0.0.1-SNAPSHOT @ C:\Users\deeks\Documents\Projects\dockerPractice\reimbursementMgnt\reim-mgnt\pom.xml.
2023-11-26 20:15:36,958 [Worker-1: Import Getting Started Content] INFO  o.e.m.j.i.AbstractJavaProjectConfigurator - Adding source folder /reim-mgnt/src/main/java
2023-11-26 20:15:36,959 [Worker-1: Import Getting Started Content] INFO  o.e.m.j.i.AbstractJavaProjectConfigurator - Adding resource folder /reim-mgnt/src/main/resources
2023-11-26 20:15:36,960 [Worker-1: Import Getting Started Content] INFO  o.e.m.j.i.AbstractJavaProjectConfigurator - Adding resource folder /reim-mgnt/src/main/resources
2023-11-26 20:15:36,962 [Worker-1: Import Getting Started Content] INFO  o.e.m.j.i.AbstractJavaProjectConfigurator - Adding source folder /reim-mgnt/src/test/java
2023-11-26 20:15:37,860 [Worker-1: Import Getting Started Content] INFO  o.e.m.c.i.p.ProjectConfigurationManager - Update completed: 2 sec
2023-11-26 20:15:38,977 [Worker-8: Building] INFO  o.a.m.s.f.DefaultMavenResourcesFiltering - Copying 1 resource from src\main\resources to target\classes
2023-11-26 20:15:39,041 [Worker-8: Building] INFO  o.a.m.s.f.DefaultMavenResourcesFiltering - Copying 0 resource from src\main\resources to target\classes
2023-11-26 20:15:39,050 [Worker-8: Building] INFO  o.a.m.s.f.DefaultMavenResourcesFiltering - skip non existing resourceDirectory C:\Users\deeks\Documents\Projects\dockerPractice\reimbursementMgnt\reim-mgnt\src\test\resources
2023-11-26 20:18:14,843 [Worker-3: Building] INFO  o.a.m.s.f.DefaultMavenResourcesFiltering - Copying 1 resource from src\main\resources to target\classes
2023-11-26 20:18:14,865 [Worker-3: Building] INFO  o.a.m.s.f.DefaultMavenResourcesFiltering - Copying 0 resource from src\main\resources to target\classes
2023-11-26 20:18:14,877 [Worker-3: Building] INFO  o.a.m.s.f.DefaultMavenResourcesFiltering - skip non existing resourceDirectory C:\Users\deeks\Documents\Projects\dockerPractice\reimbursementMgnt\reim-mgnt\src\test\resources
2023-11-26 20:18:26,758 [Worker-1: Building] INFO  o.a.m.s.f.DefaultMavenResourcesFiltering - Copying 0 resource from src\main\resources to target\classes
2023-11-26 20:18:26,759 [Worker-1: Building] INFO  o.a.m.s.f.DefaultMavenResourcesFiltering - Copying 0 resource from src\main\resources to target\classes
2023-11-26 20:18:26,768 [Worker-1: Building] INFO  o.a.m.s.f.DefaultMavenResourcesFiltering - skip non existing resourceDirectory C:\Users\deeks\Documents\Projects\dockerPractice\reimbursementMgnt\reim-mgnt\src\test\resources
2023-11-26 20:19:42,153 [Worker-5: Building] INFO  o.a.m.s.f.DefaultMavenResourcesFiltering - Copying 0 resource from src\main\resources to target\classes
2023-11-26 20:19:42,154 [Worker-5: Building] INFO  o.a.m.s.f.DefaultMavenResourcesFiltering - Copying 0 resource from src\main\resources to target\classes
2023-11-26 20:19:42,162 [Worker-5: Building] INFO  o.a.m.s.f.DefaultMavenResourcesFiltering - skip non existing resourceDirectory C:\Users\deeks\Documents\Projects\dockerPractice\reimbursementMgnt\reim-mgnt\src\test\resources
2023-11-26 20:21:16,116 [Worker-3: Building] INFO  o.e.m.c.i.l.LifecycleMappingFactory - Using org.eclipse.m2e.jdt.JarLifecycleMapping lifecycle mapping for MavenProject: com.reim.mgnt:reim-mgnt:0.0.1-SNAPSHOT @ C:\Users\deeks\Documents\Projects\dockerPractice\reimbursementMgnt\reim-mgnt\pom.xml.
2023-11-26 20:21:16,914 [Worker-3: Building] INFO  o.a.m.s.f.DefaultMavenResourcesFiltering - Copying 0 resource from src\main\resources to target\classes
2023-11-26 20:21:16,916 [Worker-3: Building] INFO  o.a.m.s.f.DefaultMavenResourcesFiltering - Copying 0 resource from src\main\resources to target\classes
